<?xml version="1.0" encoding="UTF-8"?>
<testng-results ignored="0" total="1" passed="1" failed="0" skipped="0">
  <reporter-output>
  </reporter-output>
  <suite started-at="2022-03-24T21:31:06 GMT" name="Default suite" finished-at="2022-03-24T21:31:14 GMT" duration-ms="8757">
    <groups>
      <group name="cucumber">
        <method signature="AbstractTestNGCucumberTests.runScenario(io.cucumber.testng.PickleWrapper, io.cucumber.testng.FeatureWrapper)[pri:0, instance:runnerFiles.Main_runner@635eaaf1]" name="runScenario" class="io.cucumber.testng.AbstractTestNGCucumberTests"/>
      </group> <!-- cucumber -->
    </groups>
    <test started-at="2022-03-24T21:31:06 GMT" name="Default test" finished-at="2022-03-24T21:31:14 GMT" duration-ms="8757">
      <class name="runnerFiles.Main_runner">
        <test-method is-config="true" signature="setUpClass(org.testng.ITestContext)[pri:0, instance:runnerFiles.Main_runner@635eaaf1]" started-at="2022-03-24T21:31:06 GMT" name="setUpClass" finished-at="2022-03-24T21:31:06 GMT" duration-ms="410" status="PASS">
          <params>
            <param index="0">
              <value>
                <![CDATA[org.testng.TestRunner@5d97caa4]]>
              </value>
            </param>
          </params>
          <reporter-output>
          </reporter-output>
        </test-method> <!-- setUpClass -->
        <test-method signature="runScenario(io.cucumber.testng.PickleWrapper, io.cucumber.testng.FeatureWrapper)[pri:0, instance:runnerFiles.Main_runner@635eaaf1]" started-at="2022-03-24T21:31:06 GMT" name="runScenario" description="Runs Cucumber Scenarios" data-provider="scenarios" finished-at="2022-03-24T21:31:14 GMT" duration-ms="8293" status="PASS">
          <params>
            <param index="0">
              <value>
                <![CDATA["Login functionality"]]>
              </value>
            </param>
            <param index="1">
              <value>
                <![CDATA["Optional[Yahoo Application]"]]>
              </value>
            </param>
          </params>
          <reporter-output>
          </reporter-output>
        </test-method> <!-- runScenario -->
        <test-method is-config="true" signature="tearDownClass()[pri:0, instance:runnerFiles.Main_runner@635eaaf1]" started-at="2022-03-24T21:31:14 GMT" name="tearDownClass" finished-at="2022-03-24T21:31:14 GMT" duration-ms="15" status="PASS">
          <reporter-output>
          </reporter-output>
        </test-method> <!-- tearDownClass -->
      </class> <!-- runnerFiles.Main_runner -->
    </test> <!-- Default test -->
  </suite> <!-- Default suite -->
</testng-results>
